# JRE version: OpenJDK Runtime Environment Temurin-17.0.4+8 (17.0.4+8) (build 17.0.4+8)
# Java VM: OpenJDK 64-Bit Server VM Temurin-17.0.4+8 (17.0.4+8, mixed mode, sharing, tiered, compressed oops, compressed class ptrs, g1 gc, linux-amd64)
GC Precious Log:
 CPUs: 8 total, 8 available
 Memory: 31839M
 Large Page Support: Disabled
 NUMA Support: Disabled
 Compressed Oops: Enabled (Zero based)
 Heap Region Size: 4M
 Heap Min Capacity: 8M
 Heap Initial Capacity: 500M
 Heap Max Capacity: 7960M
 Pre-touch: Disabled
 Parallel Workers: 8
 Concurrent Workers: 2
 Concurrent Refinement Workers: 8
 Periodic GC: Disabled
Heap:
 garbage-first heap   total 98304K, used 32750K [0x000000060e800000, 0x0000000800000000)
  region size 4096K, 5 young (20480K), 1 survivors (4096K)
 Metaspace       used 38992K, committed 39424K, reserved 1089536K
  class space    used 4845K, committed 5056K, reserved 1048576K
GC Heap History (14 events):
Event: 0,548 GC heap before
{Heap before GC invocations=0 (full 0):
 garbage-first heap   total 520192K, used 28640K [0x000000060e800000, 0x0000000800000000)
  region size 4096K, 6 young (24576K), 0 survivors (0K)
 Metaspace       used 6520K, committed 6656K, reserved 1056768K
  class space    used 775K, committed 832K, reserved 1048576K
}
Event: 0,552 GC heap after
{Heap after GC invocations=1 (full 0):
 garbage-first heap   total 520192K, used 8962K [0x000000060e800000, 0x0000000800000000)
  region size 4096K, 1 young (4096K), 1 survivors (4096K)
 Metaspace       used 6520K, committed 6656K, reserved 1056768K
  class space    used 775K, committed 832K, reserved 1048576K
}
Event: 0,844 GC heap before
{Heap before GC invocations=1 (full 0):
 garbage-first heap   total 520192K, used 25346K [0x000000060e800000, 0x0000000800000000)
  region size 4096K, 6 young (24576K), 1 survivors (4096K)
 Metaspace       used 11539K, committed 11712K, reserved 1064960K
  class space    used 1393K, committed 1472K, reserved 1048576K
}
Event: 0,847 GC heap after
{Heap after GC invocations=2 (full 0):
 garbage-first heap   total 520192K, used 10946K [0x000000060e800000, 0x0000000800000000)
  region size 4096K, 1 young (4096K), 1 survivors (4096K)
 Metaspace       used 11539K, committed 11712K, reserved 1064960K
  class space    used 1393K, committed 1472K, reserved 1048576K
}
Event: 1,508 GC heap before
{Heap before GC invocations=2 (full 0):
 garbage-first heap   total 520192K, used 51906K [0x000000060e800000, 0x0000000800000000)
  region size 4096K, 12 young (49152K), 1 survivors (4096K)
 Metaspace       used 20216K, committed 20544K, reserved 1073152K
  class space    used 2506K, committed 2688K, reserved 1048576K
}
Event: 1,511 GC heap after
{Heap after GC invocations=3 (full 0):
 garbage-first heap   total 520192K, used 13854K [0x000000060e800000, 0x0000000800000000)
  region size 4096K, 2 young (8192K), 2 survivors (8192K)
 Metaspace       used 20216K, committed 20544K, reserved 1073152K
  class space    used 2506K, committed 2688K, reserved 1048576K
}
Event: 1,647 GC heap before
{Heap before GC invocations=3 (full 0):
 garbage-first heap   total 520192K, used 17950K [0x000000060e800000, 0x0000000800000000)
  region size 4096K, 4 young (16384K), 2 survivors (8192K)
 Metaspace       used 21251K, committed 21504K, reserved 1073152K
  class space    used 2689K, committed 2816K, reserved 1048576K
}
Event: 1,651 GC heap after
{Heap after GC invocations=4 (full 0):
 garbage-first heap   total 520192K, used 14471K [0x000000060e800000, 0x0000000800000000)
  region size 4096K, 2 young (8192K), 2 survivors (8192K)
 Metaspace       used 21251K, committed 21504K, reserved 1073152K
  class space    used 2689K, committed 2816K, reserved 1048576K
}
Event: 18,393 GC heap before
{Heap before GC invocations=5 (full 0):
 garbage-first heap   total 98304K, used 63623K [0x000000060e800000, 0x0000000800000000)
  region size 4096K, 14 young (57344K), 2 survivors (8192K)
 Metaspace       used 29711K, committed 30144K, reserved 1081344K
  class space    used 3757K, committed 3968K, reserved 1048576K
}
Event: 18,398 GC heap after
{Heap after GC invocations=6 (full 0):
 garbage-first heap   total 98304K, used 18390K [0x000000060e800000, 0x0000000800000000)
  region size 4096K, 2 young (8192K), 2 survivors (8192K)
 Metaspace       used 29711K, committed 30144K, reserved 1081344K
  class space    used 3757K, committed 3968K, reserved 1048576K
}
Event: 18,471 GC heap before
{Heap before GC invocations=6 (full 0):
 garbage-first heap   total 98304K, used 22486K [0x000000060e800000, 0x0000000800000000)
  region size 4096K, 3 young (12288K), 2 survivors (8192K)
 Metaspace       used 31088K, committed 31488K, reserved 1081344K
  class space    used 3926K, committed 4096K, reserved 1048576K
}
Event: 18,476 GC heap after
{Heap after GC invocations=7 (full 0):
 garbage-first heap   total 98304K, used 19153K [0x000000060e800000, 0x0000000800000000)
  region size 4096K, 1 young (4096K), 1 survivors (4096K)
 Metaspace       used 31088K, committed 31488K, reserved 1081344K
  class space    used 3926K, committed 4096K, reserved 1048576K
}
Event: 18,922 GC heap before
{Heap before GC invocations=7 (full 0):
 garbage-first heap   total 98304K, used 27345K [0x000000060e800000, 0x0000000800000000)
  region size 4096K, 4 young (16384K), 1 survivors (4096K)
 Metaspace       used 35754K, committed 36160K, reserved 1081344K
  class space    used 4447K, committed 4608K, reserved 1048576K
}
Event: 18,925 GC heap after
{Heap after GC invocations=8 (full 0):
 garbage-first heap   total 98304K, used 20462K [0x000000060e800000, 0x0000000800000000)
  region size 4096K, 1 young (4096K), 1 survivors (4096K)
 Metaspace       used 35754K, committed 36160K, reserved 1081344K
  class space    used 4447K, committed 4608K, reserved 1048576K
}

