# JRE version: OpenJDK Runtime Environment Temurin-17.0.4+8 (17.0.4+8) (build 17.0.4+8)
# Java VM: OpenJDK 64-Bit Server VM Temurin-17.0.4+8 (17.0.4+8, mixed mode, sharing, tiered, compressed oops, compressed class ptrs, g1 gc, linux-amd64)
GC Precious Log:
 CPUs: 8 total, 8 available
 Memory: 31839M
 Large Page Support: Disabled
 NUMA Support: Disabled
 Compressed Oops: Enabled (Zero based)
 Heap Region Size: 4M
 Heap Min Capacity: 8M
 Heap Initial Capacity: 500M
 Heap Max Capacity: 7960M
 Pre-touch: Disabled
 Parallel Workers: 8
 Concurrent Workers: 2
 Concurrent Refinement Workers: 8
 Periodic GC: Disabled
Heap:
 garbage-first heap   total 98304K, used 32246K [0x000000060e800000, 0x0000000800000000)
  region size 4096K, 5 young (20480K), 1 survivors (4096K)
 Metaspace       used 39268K, committed 39744K, reserved 1089536K
  class space    used 4897K, committed 5120K, reserved 1048576K
GC Heap History (14 events):
Event: 0,550 GC heap before
{Heap before GC invocations=0 (full 0):
 garbage-first heap   total 520192K, used 28640K [0x000000060e800000, 0x0000000800000000)
  region size 4096K, 6 young (24576K), 0 survivors (0K)
 Metaspace       used 6416K, committed 6592K, reserved 1056768K
  class space    used 762K, committed 832K, reserved 1048576K
}
Event: 0,556 GC heap after
{Heap after GC invocations=1 (full 0):
 garbage-first heap   total 520192K, used 8928K [0x000000060e800000, 0x0000000800000000)
  region size 4096K, 1 young (4096K), 1 survivors (4096K)
 Metaspace       used 6416K, committed 6592K, reserved 1056768K
  class space    used 762K, committed 832K, reserved 1048576K
}
Event: 0,820 GC heap before
{Heap before GC invocations=1 (full 0):
 garbage-first heap   total 520192K, used 25312K [0x000000060e800000, 0x0000000800000000)
  region size 4096K, 6 young (24576K), 1 survivors (4096K)
 Metaspace       used 11383K, committed 11584K, reserved 1064960K
  class space    used 1369K, committed 1472K, reserved 1048576K
}
Event: 0,823 GC heap after
{Heap after GC invocations=2 (full 0):
 garbage-first heap   total 520192K, used 10877K [0x000000060e800000, 0x0000000800000000)
  region size 4096K, 1 young (4096K), 1 survivors (4096K)
 Metaspace       used 11383K, committed 11584K, reserved 1064960K
  class space    used 1369K, committed 1472K, reserved 1048576K
}
Event: 1,496 GC heap before
{Heap before GC invocations=2 (full 0):
 garbage-first heap   total 520192K, used 55933K [0x000000060e800000, 0x0000000800000000)
  region size 4096K, 12 young (49152K), 1 survivors (4096K)
 Metaspace       used 19877K, committed 20224K, reserved 1073152K
  class space    used 2466K, committed 2624K, reserved 1048576K
}
Event: 1,500 GC heap after
{Heap after GC invocations=3 (full 0):
 garbage-first heap   total 520192K, used 13538K [0x000000060e800000, 0x0000000800000000)
  region size 4096K, 2 young (8192K), 2 survivors (8192K)
 Metaspace       used 19877K, committed 20224K, reserved 1073152K
  class space    used 2466K, committed 2624K, reserved 1048576K
}
Event: 1,613 GC heap before
{Heap before GC invocations=3 (full 0):
 garbage-first heap   total 520192K, used 21730K [0x000000060e800000, 0x0000000800000000)
  region size 4096K, 5 young (20480K), 2 survivors (8192K)
 Metaspace       used 21238K, committed 21504K, reserved 1073152K
  class space    used 2686K, committed 2816K, reserved 1048576K
}
Event: 1,616 GC heap after
{Heap after GC invocations=4 (full 0):
 garbage-first heap   total 520192K, used 14529K [0x000000060e800000, 0x0000000800000000)
  region size 4096K, 2 young (8192K), 2 survivors (8192K)
 Metaspace       used 21238K, committed 21504K, reserved 1073152K
  class space    used 2686K, committed 2816K, reserved 1048576K
}
Event: 15,220 GC heap before
{Heap before GC invocations=5 (full 0):
 garbage-first heap   total 98304K, used 63681K [0x000000060e800000, 0x0000000800000000)
  region size 4096K, 14 young (57344K), 2 survivors (8192K)
 Metaspace       used 29612K, committed 30080K, reserved 1081344K
  class space    used 3737K, committed 3968K, reserved 1048576K
}
Event: 15,226 GC heap after
{Heap after GC invocations=6 (full 0):
 garbage-first heap   total 98304K, used 18542K [0x000000060e800000, 0x0000000800000000)
  region size 4096K, 2 young (8192K), 2 survivors (8192K)
 Metaspace       used 29612K, committed 30080K, reserved 1081344K
  class space    used 3737K, committed 3968K, reserved 1048576K
}
Event: 15,292 GC heap before
{Heap before GC invocations=6 (full 0):
 garbage-first heap   total 98304K, used 22638K [0x000000060e800000, 0x0000000800000000)
  region size 4096K, 3 young (12288K), 2 survivors (8192K)
 Metaspace       used 31058K, committed 31488K, reserved 1081344K
  class space    used 3922K, committed 4096K, reserved 1048576K
}
Event: 15,296 GC heap after
{Heap after GC invocations=7 (full 0):
 garbage-first heap   total 98304K, used 18977K [0x000000060e800000, 0x0000000800000000)
  region size 4096K, 1 young (4096K), 1 survivors (4096K)
 Metaspace       used 31058K, committed 31488K, reserved 1081344K
  class space    used 3922K, committed 4096K, reserved 1048576K
}
Event: 15,710 GC heap before
{Heap before GC invocations=7 (full 0):
 garbage-first heap   total 98304K, used 27169K [0x000000060e800000, 0x0000000800000000)
  region size 4096K, 4 young (16384K), 1 survivors (4096K)
 Metaspace       used 35818K, committed 36288K, reserved 1081344K
  class space    used 4455K, committed 4672K, reserved 1048576K
}
Event: 15,713 GC heap after
{Heap after GC invocations=8 (full 0):
 garbage-first heap   total 98304K, used 19958K [0x000000060e800000, 0x0000000800000000)
  region size 4096K, 1 young (4096K), 1 survivors (4096K)
 Metaspace       used 35818K, committed 36288K, reserved 1081344K
  class space    used 4455K, committed 4672K, reserved 1048576K
}

