# JRE version: OpenJDK Runtime Environment Temurin-17.0.4+8 (17.0.4+8) (build 17.0.4+8)
# Java VM: OpenJDK 64-Bit Server VM Temurin-17.0.4+8 (17.0.4+8, mixed mode, sharing, tiered, compressed oops, compressed class ptrs, g1 gc, linux-amd64)
GC Precious Log:
 CPUs: 8 total, 8 available
 Memory: 31839M
 Large Page Support: Disabled
 NUMA Support: Disabled
 Compressed Oops: Enabled (Zero based)
 Heap Region Size: 4M
 Heap Min Capacity: 8M
 Heap Initial Capacity: 500M
 Heap Max Capacity: 7960M
 Pre-touch: Disabled
 Parallel Workers: 8
 Concurrent Workers: 2
 Concurrent Refinement Workers: 8
 Periodic GC: Disabled
Heap:
 garbage-first heap   total 98304K, used 23483K [0x000000060e800000, 0x0000000800000000)
  region size 4096K, 3 young (12288K), 1 survivors (4096K)
 Metaspace       used 32825K, committed 33280K, reserved 1081344K
  class space    used 4152K, committed 4352K, reserved 1048576K
GC Heap History (12 events):
Event: 0,609 GC heap before
{Heap before GC invocations=0 (full 0):
 garbage-first heap   total 520192K, used 28640K [0x000000060e800000, 0x0000000800000000)
  region size 4096K, 6 young (24576K), 0 survivors (0K)
 Metaspace       used 6519K, committed 6656K, reserved 1056768K
  class space    used 775K, committed 832K, reserved 1048576K
}
Event: 0,614 GC heap after
{Heap after GC invocations=1 (full 0):
 garbage-first heap   total 520192K, used 8932K [0x000000060e800000, 0x0000000800000000)
  region size 4096K, 1 young (4096K), 1 survivors (4096K)
 Metaspace       used 6519K, committed 6656K, reserved 1056768K
  class space    used 775K, committed 832K, reserved 1048576K
}
Event: 0,887 GC heap before
{Heap before GC invocations=1 (full 0):
 garbage-first heap   total 520192K, used 25316K [0x000000060e800000, 0x0000000800000000)
  region size 4096K, 6 young (24576K), 1 survivors (4096K)
 Metaspace       used 11494K, committed 11648K, reserved 1064960K
  class space    used 1380K, committed 1472K, reserved 1048576K
}
Event: 0,891 GC heap after
{Heap after GC invocations=2 (full 0):
 garbage-first heap   total 520192K, used 10984K [0x000000060e800000, 0x0000000800000000)
  region size 4096K, 1 young (4096K), 1 survivors (4096K)
 Metaspace       used 11494K, committed 11648K, reserved 1064960K
  class space    used 1380K, committed 1472K, reserved 1048576K
}
Event: 1,499 GC heap before
{Heap before GC invocations=2 (full 0):
 garbage-first heap   total 520192K, used 56040K [0x000000060e800000, 0x0000000800000000)
  region size 4096K, 12 young (49152K), 1 survivors (4096K)
 Metaspace       used 19992K, committed 20352K, reserved 1073152K
  class space    used 2478K, committed 2624K, reserved 1048576K
}
Event: 1,504 GC heap after
{Heap after GC invocations=3 (full 0):
 garbage-first heap   total 520192K, used 13754K [0x000000060e800000, 0x0000000800000000)
  region size 4096K, 2 young (8192K), 2 survivors (8192K)
 Metaspace       used 19992K, committed 20352K, reserved 1073152K
  class space    used 2478K, committed 2624K, reserved 1048576K
}
Event: 1,639 GC heap before
{Heap before GC invocations=3 (full 0):
 garbage-first heap   total 520192K, used 21946K [0x000000060e800000, 0x0000000800000000)
  region size 4096K, 5 young (20480K), 2 survivors (8192K)
 Metaspace       used 21241K, committed 21504K, reserved 1073152K
  class space    used 2685K, committed 2816K, reserved 1048576K
}
Event: 1,643 GC heap after
{Heap after GC invocations=4 (full 0):
 garbage-first heap   total 520192K, used 14586K [0x000000060e800000, 0x0000000800000000)
  region size 4096K, 2 young (8192K), 2 survivors (8192K)
 Metaspace       used 21241K, committed 21504K, reserved 1073152K
  class space    used 2685K, committed 2816K, reserved 1048576K
}
Event: 2,944 GC heap before
{Heap before GC invocations=5 (full 0):
 garbage-first heap   total 98304K, used 63738K [0x000000060e800000, 0x0000000800000000)
  region size 4096K, 14 young (57344K), 2 survivors (8192K)
 Metaspace       used 29786K, committed 30272K, reserved 1081344K
  class space    used 3760K, committed 3968K, reserved 1048576K
}
Event: 2,949 GC heap after
{Heap after GC invocations=6 (full 0):
 garbage-first heap   total 98304K, used 18468K [0x000000060e800000, 0x0000000800000000)
  region size 4096K, 2 young (8192K), 2 survivors (8192K)
 Metaspace       used 29786K, committed 30272K, reserved 1081344K
  class space    used 3760K, committed 3968K, reserved 1048576K
}
Event: 3,018 GC heap before
{Heap before GC invocations=6 (full 0):
 garbage-first heap   total 98304K, used 22564K [0x000000060e800000, 0x0000000800000000)
  region size 4096K, 3 young (12288K), 2 survivors (8192K)
 Metaspace       used 31385K, committed 31808K, reserved 1081344K
  class space    used 3902K, committed 4096K, reserved 1048576K
}
Event: 3,022 GC heap after
{Heap after GC invocations=7 (full 0):
 garbage-first heap   total 98304K, used 19387K [0x000000060e800000, 0x0000000800000000)
  region size 4096K, 1 young (4096K), 1 survivors (4096K)
 Metaspace       used 31385K, committed 31808K, reserved 1081344K
  class space    used 3902K, committed 4096K, reserved 1048576K
}

