# JRE version: OpenJDK Runtime Environment Temurin-17.0.4+8 (17.0.4+8) (build 17.0.4+8)
# Java VM: OpenJDK 64-Bit Server VM Temurin-17.0.4+8 (17.0.4+8, mixed mode, sharing, tiered, compressed oops, compressed class ptrs, g1 gc, linux-amd64)
GC Precious Log:
 CPUs: 8 total, 8 available
 Memory: 31839M
 Large Page Support: Disabled
 NUMA Support: Disabled
 Compressed Oops: Enabled (Zero based)
 Heap Region Size: 4M
 Heap Min Capacity: 8M
 Heap Initial Capacity: 500M
 Heap Max Capacity: 7960M
 Pre-touch: Disabled
 Parallel Workers: 8
 Concurrent Workers: 2
 Concurrent Refinement Workers: 8
 Periodic GC: Disabled
Heap:
 garbage-first heap   total 98304K, used 23667K [0x000000060e800000, 0x0000000800000000)
  region size 4096K, 3 young (12288K), 1 survivors (4096K)
 Metaspace       used 32679K, committed 33216K, reserved 1081344K
  class space    used 4106K, committed 4352K, reserved 1048576K
GC Heap History (12 events):
Event: 0,571 GC heap before
{Heap before GC invocations=0 (full 0):
 garbage-first heap   total 520192K, used 28640K [0x000000060e800000, 0x0000000800000000)
  region size 4096K, 6 young (24576K), 0 survivors (0K)
 Metaspace       used 6521K, committed 6656K, reserved 1056768K
  class space    used 774K, committed 832K, reserved 1048576K
}
Event: 0,576 GC heap after
{Heap after GC invocations=1 (full 0):
 garbage-first heap   total 520192K, used 8949K [0x000000060e800000, 0x0000000800000000)
  region size 4096K, 1 young (4096K), 1 survivors (4096K)
 Metaspace       used 6521K, committed 6656K, reserved 1056768K
  class space    used 774K, committed 832K, reserved 1048576K
}
Event: 0,854 GC heap before
{Heap before GC invocations=1 (full 0):
 garbage-first heap   total 520192K, used 25333K [0x000000060e800000, 0x0000000800000000)
  region size 4096K, 6 young (24576K), 1 survivors (4096K)
 Metaspace       used 11509K, committed 11712K, reserved 1064960K
  class space    used 1389K, committed 1472K, reserved 1048576K
}
Event: 0,857 GC heap after
{Heap after GC invocations=2 (full 0):
 garbage-first heap   total 520192K, used 10764K [0x000000060e800000, 0x0000000800000000)
  region size 4096K, 1 young (4096K), 1 survivors (4096K)
 Metaspace       used 11509K, committed 11712K, reserved 1064960K
  class space    used 1389K, committed 1472K, reserved 1048576K
}
Event: 1,463 GC heap before
{Heap before GC invocations=2 (full 0):
 garbage-first heap   total 520192K, used 51724K [0x000000060e800000, 0x0000000800000000)
  region size 4096K, 12 young (49152K), 1 survivors (4096K)
 Metaspace       used 19987K, committed 20288K, reserved 1073152K
  class space    used 2477K, committed 2624K, reserved 1048576K
}
Event: 1,468 GC heap after
{Heap after GC invocations=3 (full 0):
 garbage-first heap   total 520192K, used 13819K [0x000000060e800000, 0x0000000800000000)
  region size 4096K, 2 young (8192K), 2 survivors (8192K)
 Metaspace       used 19987K, committed 20288K, reserved 1073152K
  class space    used 2477K, committed 2624K, reserved 1048576K
}
Event: 1,604 GC heap before
{Heap before GC invocations=3 (full 0):
 garbage-first heap   total 520192K, used 22011K [0x000000060e800000, 0x0000000800000000)
  region size 4096K, 5 young (20480K), 2 survivors (8192K)
 Metaspace       used 21242K, committed 21504K, reserved 1073152K
  class space    used 2684K, committed 2816K, reserved 1048576K
}
Event: 1,607 GC heap after
{Heap after GC invocations=4 (full 0):
 garbage-first heap   total 520192K, used 14527K [0x000000060e800000, 0x0000000800000000)
  region size 4096K, 2 young (8192K), 2 survivors (8192K)
 Metaspace       used 21242K, committed 21504K, reserved 1073152K
  class space    used 2684K, committed 2816K, reserved 1048576K
}
Event: 9,031 GC heap before
{Heap before GC invocations=5 (full 0):
 garbage-first heap   total 98304K, used 63679K [0x000000060e800000, 0x0000000800000000)
  region size 4096K, 14 young (57344K), 2 survivors (8192K)
 Metaspace       used 29801K, committed 30272K, reserved 1081344K
  class space    used 3758K, committed 3968K, reserved 1048576K
}
Event: 9,037 GC heap after
{Heap after GC invocations=6 (full 0):
 garbage-first heap   total 98304K, used 18638K [0x000000060e800000, 0x0000000800000000)
  region size 4096K, 2 young (8192K), 2 survivors (8192K)
 Metaspace       used 29801K, committed 30272K, reserved 1081344K
  class space    used 3758K, committed 3968K, reserved 1048576K
}
Event: 9,161 GC heap before
{Heap before GC invocations=6 (full 0):
 garbage-first heap   total 98304K, used 22734K [0x000000060e800000, 0x0000000800000000)
  region size 4096K, 3 young (12288K), 2 survivors (8192K)
 Metaspace       used 31530K, committed 31936K, reserved 1081344K
  class space    used 3907K, committed 4096K, reserved 1048576K
}
Event: 9,165 GC heap after
{Heap after GC invocations=7 (full 0):
 garbage-first heap   total 98304K, used 19571K [0x000000060e800000, 0x0000000800000000)
  region size 4096K, 1 young (4096K), 1 survivors (4096K)
 Metaspace       used 31530K, committed 31936K, reserved 1081344K
  class space    used 3907K, committed 4096K, reserved 1048576K
}

